
Computing feature_one with lenient metric...
Warning: Not enough items with multiple annotations for feature_one (lenient). Skipping.

Computing feature_one with moderate metric...
Warning: Not enough items with multiple annotations for feature_one (moderate). Skipping.

Computing feature_one with strict metric...
Warning: Not enough items with multiple annotations for feature_one (strict). Skipping.

Computing feature_two with lenient metric...
Warning: Not enough items with multiple annotations for feature_two (lenient). Skipping.

Computing feature_two with moderate metric...
Warning: Not enough items with multiple annotations for feature_two (moderate). Skipping.

Computing feature_two with strict metric...
Warning: Not enough items with multiple annotations for feature_two (strict). Skipping.

Computing feature_four with lenient metric...
Warning: Not enough valid annotations for feature_four (lenient). Skipping.

Computing feature_four with strict metric...
Warning: Not enough valid annotations for feature_four (strict). Skipping.

Computing feature_five with lenient metric...
Warning: Not enough valid annotations for feature_five (lenient). Skipping.

Computing feature_five with strict metric...
Warning: Not enough valid annotations for feature_five (strict). Skipping.

Computing feature_six with lenient metric...
Warning: Not enough valid annotations for feature_six (lenient). Skipping.

Computing feature_six with strict metric...
Warning: Not enough valid annotations for feature_six (strict). Skipping.

Computing feature_seven with lenient metric...
Warning: Not enough valid annotations for feature_seven (lenient). Skipping.

Computing feature_seven with strict metric...
Warning: Not enough valid annotations for feature_seven (strict). Skipping.
Alpha file not found: ./annotation/analysis/survey/export/alpha-[20]-[21].json
