Project ID: 21, Title: Survey_Juan
Project ID: 20, Title: Survey_Samuel
Project ID: 19, Title: Project_Dummy
Project ID: 14, Title: Task 2 (User Sviatoslav)
Project ID: 13, Title: Task 2 (User Kim)
Project ID: 12, Title: Task 2 (User Julia)
Project ID: 11, Title: Task 2 (User Darian)
Project ID: 10, Title: Task 2 (User Test)
Project ID: 9, Title: Task 1 (User 8 - Kim)
Project ID: 8, Title: Task 1 (User 7 - Darian)
Project ID: 7, Title: Task 1 (User 6 - Julia)
Project ID: 6, Title: Task 1 (User 4 - Samuel)
Project ID: 5, Title: Task 1 (User 5 - Sviatoslav)
Project ID: 4, Title: Task 1 (User 3 - Max)
Project ID: 1, Title: Inflation Narratives
annotator 20: 214 document(s) to annotate.
annotator 21: 222 document(s) to annotate.
inner_id_list 991, annotator_20: 991
Updated annotation from user 20, result saved in ./export/task_1_annotation_survey.csv
Survey_Samuel
Survey_Samuel
inner_id_list 996, annotator_21: 996
Updated annotation from user 21, result saved in ./export/task_1_annotation_survey.csv
Survey_Juan
Survey_Juan
agreeing indices: 842, disagreeing indices: 127
has winner ratio: 0.868937048503612
all agreeing count: 842
0.716729941459028
0.9114854181708509
