/storage/weinig/anaconda3/envs/cdl/lib/python3.10/site-packages/transformers/utils/hub.py:106: FutureWarning: Using `PYTORCH_PRETRAINED_BERT_CACHE` is deprecated and will be removed in v5 of Transformers. Use `HF_HOME` instead.
  warnings.warn(
/storage/weinig/anaconda3/envs/cdl/lib/python3.10/site-packages/transformers/utils/hub.py:106: FutureWarning: Using `PYTORCH_TRANSFORMERS_CACHE` is deprecated and will be removed in v5 of Transformers. Use `HF_HOME` instead.
  warnings.warn(
/storage/weinig/anaconda3/envs/cdl/lib/python3.10/site-packages/transformers/utils/hub.py:106: FutureWarning: Using `TRANSFORMERS_CACHE` is deprecated and will be removed in v5 of Transformers. Use `HF_HOME` instead.
  warnings.warn(
/storage/weinig/cdl-inflation-narrative/annotation/labelstudio/agreement.py:222: FutureWarning: Downcasting behavior in `replace` is deprecated and will be removed in a future version. To retain the old behavior, explicitly call `result.infer_objects(copy=False)`. To opt-in to the future behavior, set `pd.set_option('future.no_silent_downcasting', True)`
  train['label'] = train['label'].replace(self.label2id_map)
/storage/weinig/cdl-inflation-narrative/annotation/labelstudio/agreement.py:223: FutureWarning: Downcasting behavior in `replace` is deprecated and will be removed in a future version. To retain the old behavior, explicitly call `result.infer_objects(copy=False)`. To opt-in to the future behavior, set `pd.set_option('future.no_silent_downcasting', True)`
  valid['label'] = valid['label'].replace(self.label2id_map)
/storage/weinig/cdl-inflation-narrative/annotation/labelstudio/agreement.py:224: FutureWarning: Downcasting behavior in `replace` is deprecated and will be removed in a future version. To retain the old behavior, explicitly call `result.infer_objects(copy=False)`. To opt-in to the future behavior, set `pd.set_option('future.no_silent_downcasting', True)`
  test['label'] = test['label'].replace(self.label2id_map)
Some weights of LongformerForSequenceClassification were not initialized from the model checkpoint at allenai/longformer-base-4096 and are newly initialized: ['classifier.dense.bias', 'classifier.dense.weight', 'classifier.out_proj.bias', 'classifier.out_proj.weight']
You should probably TRAIN this model on a down-stream task to be able to use it for predictions and inference.
annotator 5: 0 document(s) to annotate.
annotator 7: 0 document(s) to annotate.
annotator 8: 0 document(s) to annotate.
annotator 9: 0 document(s) to annotate.
inner_id_list 488, annotator_5: 488
Updated annotation from user 5, result saved in ./export/task_1_annotation.csv
Task 1 (User 5 - Sviatoslav)
inner_id_list 488, annotator_7: 488
Updated annotation from user 7, result saved in ./export/task_1_annotation.csv
Task 1 (User 6 - Julia)
inner_id_list 488, annotator_8: 488
Updated annotation from user 8, result saved in ./export/task_1_annotation.csv
Task 1 (User 7 - Darian)
inner_id_list 488, annotator_9: 488
Updated annotation from user 9, result saved in ./export/task_1_annotation.csv
Task 1 (User 8 - Kim)
has winner ratio: 0.8790983606557377
all agreeing count: 232
0.6858854912630578
Map:   0%|          | 0/341 [00:00<?, ? examples/s]Asking to truncate to max_length but no maximum length is provided and the model has no predefined maximum length. Default to no truncation.
Map: 100%|██████████| 341/341 [00:01<00:00, 316.89 examples/s]Map: 100%|██████████| 341/341 [00:01<00:00, 313.83 examples/s]
Map:   0%|          | 0/49 [00:00<?, ? examples/s]Map: 100%|██████████| 49/49 [00:00<00:00, 513.94 examples/s]
Map:   0%|          | 0/98 [00:00<?, ? examples/s]Map: 100%|██████████| 98/98 [00:00<00:00, 517.42 examples/s]Map: 100%|██████████| 98/98 [00:00<00:00, 512.67 examples/s]
  0%|          | 0/860 [00:00<?, ?it/s]Initializing global attention on CLS token...
Input ids are automatically padded to be a multiple of `config.attention_window`: 512
Traceback (most recent call last):
  File "/storage/weinig/cdl-inflation-narrative/annotation/labelstudio/agreement.py", line 315, in <module>
    inflation_narrative.train_sequence_classifier()
  File "/storage/weinig/cdl-inflation-narrative/annotation/labelstudio/agreement.py", line 280, in train_sequence_classifier
    trainer.train()
  File "/storage/weinig/anaconda3/envs/cdl/lib/python3.10/site-packages/transformers/trainer.py", line 2241, in train
    return inner_training_loop(
  File "/storage/weinig/anaconda3/envs/cdl/lib/python3.10/site-packages/transformers/trainer.py", line 2548, in _inner_training_loop
    tr_loss_step = self.training_step(model, inputs, num_items_in_batch)
  File "/storage/weinig/anaconda3/envs/cdl/lib/python3.10/site-packages/transformers/trainer.py", line 3698, in training_step
    loss = self.compute_loss(model, inputs, num_items_in_batch=num_items_in_batch)
  File "/storage/weinig/anaconda3/envs/cdl/lib/python3.10/site-packages/transformers/trainer.py", line 3759, in compute_loss
    outputs = model(**inputs)
  File "/storage/weinig/anaconda3/envs/cdl/lib/python3.10/site-packages/torch/nn/modules/module.py", line 1739, in _wrapped_call_impl
    return self._call_impl(*args, **kwargs)
  File "/storage/weinig/anaconda3/envs/cdl/lib/python3.10/site-packages/torch/nn/modules/module.py", line 1750, in _call_impl
    return forward_call(*args, **kwargs)
  File "/storage/weinig/anaconda3/envs/cdl/lib/python3.10/site-packages/torch/nn/parallel/data_parallel.py", line 193, in forward
    outputs = self.parallel_apply(replicas, inputs, module_kwargs)
  File "/storage/weinig/anaconda3/envs/cdl/lib/python3.10/site-packages/torch/nn/parallel/data_parallel.py", line 212, in parallel_apply
    return parallel_apply(
  File "/storage/weinig/anaconda3/envs/cdl/lib/python3.10/site-packages/torch/nn/parallel/parallel_apply.py", line 126, in parallel_apply
    output.reraise()
  File "/storage/weinig/anaconda3/envs/cdl/lib/python3.10/site-packages/torch/_utils.py", line 733, in reraise
    raise exception
torch.OutOfMemoryError: Caught OutOfMemoryError in replica 0 on device 0.
Original Traceback (most recent call last):
  File "/storage/weinig/anaconda3/envs/cdl/lib/python3.10/site-packages/torch/nn/parallel/parallel_apply.py", line 96, in _worker
    output = module(*input, **kwargs)
  File "/storage/weinig/anaconda3/envs/cdl/lib/python3.10/site-packages/torch/nn/modules/module.py", line 1739, in _wrapped_call_impl
    return self._call_impl(*args, **kwargs)
  File "/storage/weinig/anaconda3/envs/cdl/lib/python3.10/site-packages/torch/nn/modules/module.py", line 1750, in _call_impl
    return forward_call(*args, **kwargs)
  File "/storage/weinig/anaconda3/envs/cdl/lib/python3.10/site-packages/transformers/models/longformer/modeling_longformer.py", line 1916, in forward
    outputs = self.longformer(
  File "/storage/weinig/anaconda3/envs/cdl/lib/python3.10/site-packages/torch/nn/modules/module.py", line 1739, in _wrapped_call_impl
    return self._call_impl(*args, **kwargs)
  File "/storage/weinig/anaconda3/envs/cdl/lib/python3.10/site-packages/torch/nn/modules/module.py", line 1750, in _call_impl
    return forward_call(*args, **kwargs)
  File "/storage/weinig/anaconda3/envs/cdl/lib/python3.10/site-packages/transformers/models/longformer/modeling_longformer.py", line 1729, in forward
    encoder_outputs = self.encoder(
  File "/storage/weinig/anaconda3/envs/cdl/lib/python3.10/site-packages/torch/nn/modules/module.py", line 1739, in _wrapped_call_impl
    return self._call_impl(*args, **kwargs)
  File "/storage/weinig/anaconda3/envs/cdl/lib/python3.10/site-packages/torch/nn/modules/module.py", line 1750, in _call_impl
    return forward_call(*args, **kwargs)
  File "/storage/weinig/anaconda3/envs/cdl/lib/python3.10/site-packages/transformers/models/longformer/modeling_longformer.py", line 1309, in forward
    layer_outputs = layer_module(
  File "/storage/weinig/anaconda3/envs/cdl/lib/python3.10/site-packages/torch/nn/modules/module.py", line 1739, in _wrapped_call_impl
    return self._call_impl(*args, **kwargs)
  File "/storage/weinig/anaconda3/envs/cdl/lib/python3.10/site-packages/torch/nn/modules/module.py", line 1750, in _call_impl
    return forward_call(*args, **kwargs)
  File "/storage/weinig/anaconda3/envs/cdl/lib/python3.10/site-packages/transformers/models/longformer/modeling_longformer.py", line 1237, in forward
    self_attn_outputs = self.attention(
  File "/storage/weinig/anaconda3/envs/cdl/lib/python3.10/site-packages/torch/nn/modules/module.py", line 1739, in _wrapped_call_impl
    return self._call_impl(*args, **kwargs)
  File "/storage/weinig/anaconda3/envs/cdl/lib/python3.10/site-packages/torch/nn/modules/module.py", line 1750, in _call_impl
    return forward_call(*args, **kwargs)
  File "/storage/weinig/anaconda3/envs/cdl/lib/python3.10/site-packages/transformers/models/longformer/modeling_longformer.py", line 1173, in forward
    self_outputs = self.self(
  File "/storage/weinig/anaconda3/envs/cdl/lib/python3.10/site-packages/torch/nn/modules/module.py", line 1739, in _wrapped_call_impl
    return self._call_impl(*args, **kwargs)
  File "/storage/weinig/anaconda3/envs/cdl/lib/python3.10/site-packages/torch/nn/modules/module.py", line 1750, in _call_impl
    return forward_call(*args, **kwargs)
  File "/storage/weinig/anaconda3/envs/cdl/lib/python3.10/site-packages/transformers/models/longformer/modeling_longformer.py", line 642, in forward
    attn_output = self._compute_attn_output_with_global_indices(
  File "/storage/weinig/anaconda3/envs/cdl/lib/python3.10/site-packages/transformers/models/longformer/modeling_longformer.py", line 1009, in _compute_attn_output_with_global_indices
    attn_output_without_global = self._sliding_chunks_matmul_attn_probs_value(
  File "/storage/weinig/anaconda3/envs/cdl/lib/python3.10/site-packages/transformers/models/longformer/modeling_longformer.py", line 890, in _sliding_chunks_matmul_attn_probs_value
    chunked_attn_probs = attn_probs.transpose(1, 2).reshape(
torch.OutOfMemoryError: CUDA out of memory. Tried to allocate 626.00 MiB. GPU 0 has a total capacity of 47.40 GiB of which 323.31 MiB is free. Including non-PyTorch memory, this process has 47.08 GiB memory in use. Of the allocated memory 45.22 GiB is allocated by PyTorch, and 1.42 GiB is reserved by PyTorch but unallocated. If reserved but unallocated memory is large try setting PYTORCH_CUDA_ALLOC_CONF=expandable_segments:True to avoid fragmentation.  See documentation for Memory Management  (https://pytorch.org/docs/stable/notes/cuda.html#environment-variables)

  0%|          | 0/860 [00:03<?, ?it/s]
